2024-05-11 01:46:00.839 [info] Log level: Info
2024-05-11 01:46:00.839 [info] Validating found git in: "git"
2024-05-11 01:46:00.839 [info] Using git "2.43.0" from "git"
2024-05-11 01:46:00.839 [info] > git rev-parse --show-toplevel [15ms]
2024-05-11 01:46:00.839 [info] > git rev-parse --git-dir --git-common-dir [2ms]
2024-05-11 01:46:00.839 [info] Open repository: /home/ubuntu
2024-05-11 01:46:00.839 [info] > git config --get commit.template [9ms]
2024-05-11 01:46:00.839 [info] > git rev-parse --show-toplevel [5ms]
2024-05-11 01:46:00.839 [info] > git for-each-ref --format=%(refname)%00%(upstream:short)%00%(objectname)%00%(upstream:track)%00%(upstream:remotename)%00%(upstream:remoteref) refs/heads/main refs/remotes/main [9ms]
2024-05-11 01:46:00.839 [info] > git rev-parse --show-toplevel [3ms]
2024-05-11 01:46:00.839 [info] > git rev-parse --show-toplevel [8ms]
2024-05-11 01:46:00.839 [info] > git rev-parse --show-toplevel [6ms]
2024-05-11 01:46:00.839 [info] > git rev-parse --show-toplevel [5ms]
2024-05-11 01:46:00.839 [info] > git status -z -uall [205ms]
2024-05-11 01:46:00.839 [info] > git merge-base refs/heads/main refs/remotes/origin/main [31ms]
2024-05-11 01:46:00.839 [info] > git config --get commit.template [20ms]
2024-05-11 01:46:00.839 [info] > git rev-list --count --left-right refs/heads/main...refs/remotes/origin/main [13ms]
2024-05-11 01:46:00.839 [info] > git for-each-ref --format=%(refname)%00%(upstream:short)%00%(objectname)%00%(upstream:track)%00%(upstream:remotename)%00%(upstream:remoteref) refs/heads/main refs/remotes/main [12ms]
2024-05-11 01:46:00.839 [info] > git diff --name-status -z --diff-filter=ADMR 2971c577326b4c9d172998081bcdbe86a1c05521...refs/remotes/origin/main [12ms]
2024-05-11 01:46:00.839 [info] > git status -z -uall [126ms]
2024-05-11 01:46:00.839 [info] > git fetch [810ms]
2024-05-11 01:46:00.839 [info] > git config --get commit.template [2ms]
2024-05-11 01:46:00.839 [info] > git for-each-ref --format=%(refname)%00%(upstream:short)%00%(objectname)%00%(upstream:track)%00%(upstream:remotename)%00%(upstream:remoteref) refs/heads/main refs/remotes/main [2ms]
2024-05-11 01:46:00.839 [info] > git status -z -uall [43ms]
2024-05-11 01:46:02.207 [info] > git show --textconv :README.md [412ms]
2024-05-11 01:46:02.214 [info] > git check-ignore -v -z --stdin [54ms]
2024-05-11 01:46:02.216 [info] > git ls-files --stage -- /home/ubuntu/README.md [386ms]
2024-05-11 01:46:02.298 [info] > git cat-file -s 3df861137a1fff8a0844bbe20e1cba60cb9d9148 [33ms]
2024-05-11 01:46:03.192 [info] > git config --get commit.template [9ms]
2024-05-11 01:46:03.198 [info] > git for-each-ref --format=%(refname)%00%(upstream:short)%00%(objectname)%00%(upstream:track)%00%(upstream:remotename)%00%(upstream:remoteref) refs/heads/main refs/remotes/main [9ms]
2024-05-11 01:46:03.385 [info] > git status -z -uall [181ms]
2024-05-11 01:46:04.029 [info] > git ls-files --stage -- /home/ubuntu/README.md [262ms]
2024-05-11 01:46:04.046 [info] > git cat-file -s 3df861137a1fff8a0844bbe20e1cba60cb9d9148 [7ms]
2024-05-11 01:46:05.329 [info] > git show --textconv :README.md [4ms]
2024-05-11 01:46:08.405 [info] > git config --get commit.template [8ms]
2024-05-11 01:46:08.406 [info] > git for-each-ref --format=%(refname)%00%(upstream:short)%00%(objectname)%00%(upstream:track)%00%(upstream:remotename)%00%(upstream:remoteref) refs/heads/main refs/remotes/main [4ms]
2024-05-11 01:46:08.463 [info] > git status -z -uall [51ms]
2024-05-11 01:46:13.480 [info] > git config --get commit.template [7ms]
2024-05-11 01:46:13.481 [info] > git for-each-ref --format=%(refname)%00%(upstream:short)%00%(objectname)%00%(upstream:track)%00%(upstream:remotename)%00%(upstream:remoteref) refs/heads/main refs/remotes/main [4ms]
2024-05-11 01:46:13.520 [info] > git status -z -uall [34ms]
